<?xml version="1.0" encoding="UTF-8"?>
<!-- Generated by org.testng.reporters.JUnitReportReporter -->
<testsuite skipped="0" hostname="Pongi-Dell" name="employeeApi_TestCases.TC001_Get_All_Employee" tests="8" failures="0" timestamp="22 Jul 2019 07:24:23 GMT" time="0.100" errors="0">
  <testcase name="checkstatusLine" time="0.004" classname="employeeApi_TestCases.TC001_Get_All_Employee"/>
  <testcase name="checkContentType" time="0.012" classname="employeeApi_TestCases.TC001_Get_All_Employee"/>
  <testcase name="checkResponseTime" time="0.012" classname="employeeApi_TestCases.TC001_Get_All_Employee"/>
  <testcase name="checkserverType" time="0.004" classname="employeeApi_TestCases.TC001_Get_All_Employee"/>
  <testcase name="checkCookies" time="0.004" classname="employeeApi_TestCases.TC001_Get_All_Employee"/>
  <testcase name="checkcontentencoding" time="0.004" classname="employeeApi_TestCases.TC001_Get_All_Employee"/>
  <testcase name="checkResponseBody" time="0.056" classname="employeeApi_TestCases.TC001_Get_All_Employee"/>
  <testcase name="checkStatusCode" time="0.004" classname="employeeApi_TestCases.TC001_Get_All_Employee"/>
</testsuite> <!-- employeeApi_TestCases.TC001_Get_All_Employee -->
