<?xml version="1.0" encoding="UTF-8"?>
<!-- Generated by org.testng.reporters.JUnitReportReporter -->
<testsuite skipped="0" hostname="Pongi-Dell" name="employeeApi_TestCases.TC002_Get_Single_Empdata" tests="3" failures="0" timestamp="22 Jul 2019 07:24:23 GMT" time="0.001" errors="0">
  <testcase name="checkResponseTime" time="0.001" classname="employeeApi_TestCases.TC002_Get_Single_Empdata"/>
  <testcase name="checkResponseBody" time="0.000" classname="employeeApi_TestCases.TC002_Get_Single_Empdata"/>
  <testcase name="checkStatusCode" time="0.000" classname="employeeApi_TestCases.TC002_Get_Single_Empdata"/>
</testsuite> <!-- employeeApi_TestCases.TC002_Get_Single_Empdata -->
