<?xml version="1.0" encoding="UTF-8"?>
<testsuite name="TestSuite" time="0.06" tests="23" errors="0" skipped="0" failures="1">
  <properties>
    <property name="java.runtime.name" value="Java(TM) SE Runtime Environment"/>
    <property name="sun.boot.library.path" value="C:\Program Files\Java\jdk1.8.0_171\jre\bin"/>
    <property name="java.vm.version" value="25.171-b11"/>
    <property name="java.vm.vendor" value="Oracle Corporation"/>
    <property name="maven.multiModuleProjectDirectory" value="C:\Users\Pongiyammal\Office\Study\Selenium\eclipse-workspace\RestAssuredAutomation_Employee_Project"/>
    <property name="java.vendor.url" value="http://java.oracle.com/"/>
    <property name="path.separator" value=";"/>
    <property name="guice.disable.misplaced.annotation.check" value="true"/>
    <property name="java.vm.name" value="Java HotSpot(TM) 64-Bit Server VM"/>
    <property name="file.encoding.pkg" value="sun.io"/>
    <property name="user.script" value=""/>
    <property name="user.country" value="IN"/>
    <property name="sun.java.launcher" value="SUN_STANDARD"/>
    <property name="sun.os.patch.level" value=""/>
    <property name="java.vm.specification.name" value="Java Virtual Machine Specification"/>
    <property name="user.dir" value="C:\Users\Pongiyammal\Office\Study\Selenium\eclipse-workspace\RestAssuredAutomation_Employee_Project"/>
    <property name="java.runtime.version" value="1.8.0_171-b11"/>
    <property name="java.awt.graphicsenv" value="sun.awt.Win32GraphicsEnvironment"/>
    <property name="java.endorsed.dirs" value="C:\Program Files\Java\jdk1.8.0_171\jre\lib\endorsed"/>
    <property name="os.arch" value="amd64"/>
    <property name="java.io.tmpdir" value="C:\Users\PONGIY~1\AppData\Local\Temp\"/>
    <property name="line.separator" value="&#10;"/>
    <property name="java.vm.specification.vendor" value="Oracle Corporation"/>
    <property name="user.variant" value=""/>
    <property name="os.name" value="Windows 10"/>
    <property name="classworlds.conf" value="C:\Users\Pongiyammal\Office\Software\apache-maven-3.6.1\bin\..\bin\m2.conf"/>
    <property name="sun.jnu.encoding" value="Cp1252"/>
    <property name="java.library.path" value="C:\Program Files\Java\jdk1.8.0_171\bin;C:\Windows\Sun\Java\bin;C:\Windows\system32;C:\Windows;C:\Program Files (x86)\Common Files\Oracle\Java\javapath;C:\Windows\system32;C:\Windows;C:\Windows\System32\Wbem;C:\Windows\System32\WindowsPowerShell\v1.0\;C:\Windows\System32\OpenSSH\;C:\Program Files\apache-maven-3.6.1bin;C:\Program Files (x86)\Microsoft SQL Server\150\DTS\Binn\;C:\Program Files\nodejs\;C:\Users\Pongiyammal\Office\Software\apache-maven-3.6.1\bin;C:\Users\Pongiyammal\AppData\Local\Microsoft\WindowsApps;C:\Users\Pongiyammal\AppData\Roaming\npm;."/>
    <property name="maven.conf" value="C:\Users\Pongiyammal\Office\Software\apache-maven-3.6.1\bin\../conf"/>
    <property name="java.specification.name" value="Java Platform API Specification"/>
    <property name="java.class.version" value="52.0"/>
    <property name="sun.management.compiler" value="HotSpot 64-Bit Tiered Compilers"/>
    <property name="os.version" value="10.0"/>
    <property name="library.jansi.path" value="C:\Users\Pongiyammal\Office\Software\apache-maven-3.6.1\bin\..\lib\jansi-native"/>
    <property name="user.home" value="C:\Users\Pongiyammal"/>
    <property name="user.timezone" value="Asia/Calcutta"/>
    <property name="java.awt.printerjob" value="sun.awt.windows.WPrinterJob"/>
    <property name="java.specification.version" value="1.8"/>
    <property name="file.encoding" value="Cp1252"/>
    <property name="user.name" value="Pongiyammal"/>
    <property name="java.class.path" value="C:\Users\Pongiyammal\Office\Software\apache-maven-3.6.1\bin\..\boot\plexus-classworlds-2.6.0.jar"/>
    <property name="java.vm.specification.version" value="1.8"/>
    <property name="sun.arch.data.model" value="64"/>
    <property name="java.home" value="C:\Program Files\Java\jdk1.8.0_171\jre"/>
    <property name="sun.java.command" value="org.codehaus.plexus.classworlds.launcher.Launcher clean install"/>
    <property name="java.specification.vendor" value="Oracle Corporation"/>
    <property name="user.language" value="en"/>
    <property name="awt.toolkit" value="sun.awt.windows.WToolkit"/>
    <property name="java.vm.info" value="mixed mode"/>
    <property name="java.version" value="1.8.0_171"/>
    <property name="java.ext.dirs" value="C:\Program Files\Java\jdk1.8.0_171\jre\lib\ext;C:\Windows\Sun\Java\lib\ext"/>
    <property name="sun.boot.class.path" value="C:\Program Files\Java\jdk1.8.0_171\jre\lib\resources.jar;C:\Program Files\Java\jdk1.8.0_171\jre\lib\rt.jar;C:\Program Files\Java\jdk1.8.0_171\jre\lib\sunrsasign.jar;C:\Program Files\Java\jdk1.8.0_171\jre\lib\jsse.jar;C:\Program Files\Java\jdk1.8.0_171\jre\lib\jce.jar;C:\Program Files\Java\jdk1.8.0_171\jre\lib\charsets.jar;C:\Program Files\Java\jdk1.8.0_171\jre\lib\jfr.jar;C:\Program Files\Java\jdk1.8.0_171\jre\classes"/>
    <property name="java.vendor" value="Oracle Corporation"/>
    <property name="maven.home" value="C:\Users\Pongiyammal\Office\Software\apache-maven-3.6.1\bin\.."/>
    <property name="file.separator" value="\"/>
    <property name="java.vendor.url.bug" value="http://bugreport.sun.com/bugreport/"/>
    <property name="sun.cpu.endian" value="little"/>
    <property name="sun.io.unicode.encoding" value="UnicodeLittle"/>
    <property name="sun.desktop" value="windows"/>
    <property name="sun.cpu.isalist" value="amd64"/>
  </properties>
  <testcase name="checkContentType" classname="employeeApi_TestCases.TC001_Get_All_Employee" time="0.004"/>
  <testcase name="checkCookies" classname="employeeApi_TestCases.TC001_Get_All_Employee" time="0.001"/>
  <testcase name="checkResponseBody" classname="employeeApi_TestCases.TC001_Get_All_Employee" time="0.025"/>
  <testcase name="checkResponseTime" classname="employeeApi_TestCases.TC001_Get_All_Employee" time="0.001"/>
  <testcase name="checkStatusCode" classname="employeeApi_TestCases.TC001_Get_All_Employee" time="0"/>
  <testcase name="checkcontentencoding" classname="employeeApi_TestCases.TC001_Get_All_Employee" time="0.001"/>
  <testcase name="checkserverType" classname="employeeApi_TestCases.TC001_Get_All_Employee" time="0.001"/>
  <testcase name="checkstatusLine" classname="employeeApi_TestCases.TC001_Get_All_Employee" time="0.002"/>
  <testcase name="checkResponseBody" classname="employeeApi_TestCases.TC002_Get_Single_Empdata" time="0.016">
    <failure message="expected [true] but found [false]" type="java.lang.AssertionError">java.lang.AssertionError: expected [true] but found [false]
	at org.testng.Assert.fail(Assert.java:96)
	at org.testng.Assert.failNotEquals(Assert.java:776)
	at org.testng.Assert.assertEqualsImpl(Assert.java:137)
	at org.testng.Assert.assertEquals(Assert.java:118)
	at org.testng.Assert.assertEquals(Assert.java:568)
	at org.testng.Assert.assertEquals(Assert.java:578)
	at employeeApi_TestCases.TC002_Get_Single_Empdata.checkResponseBody(TC002_Get_Single_Empdata.java:28)
</failure>
    <system-out><![CDATA[Body is : false
]]></system-out>
    <system-err><![CDATA[log4j:WARN No such property [maxFileSize] in org.apache.log4j.FileAppender.
log4j:WARN No such property [maxBackupIndex] in org.apache.log4j.FileAppender.
log4j:WARN No such property [maxBackupIndex] in org.apache.log4j.FileAppender.
log4j:WARN No such property [maxFileSize] in org.apache.log4j.FileAppender.
log4j:WARN File option not set for appender [dest1].
log4j:WARN Are you using FileAppender instead of ConsoleAppender?
]]></system-err>
  </testcase>
  <testcase name="checkResponseTime" classname="employeeApi_TestCases.TC002_Get_Single_Empdata" time="0.001"/>
  <testcase name="checkStatusCode" classname="employeeApi_TestCases.TC002_Get_Single_Empdata" time="0"/>
  <testcase name="checkContentType" classname="employeeApi_TestCases.TC003_Post_EmpRecord" time="0"/>
  <testcase name="checkResponseBody" classname="employeeApi_TestCases.TC003_Post_EmpRecord" time="0.001"/>
  <testcase name="checkStatusCode" classname="employeeApi_TestCases.TC003_Post_EmpRecord" time="0.001"/>
  <testcase name="checkserverType" classname="employeeApi_TestCases.TC003_Post_EmpRecord" time="0.001"/>
  <testcase name="checkContentType" classname="employeeApi_TestCases.TC004_Put_EmpRecord" time="0"/>
  <testcase name="checkResponseBody" classname="employeeApi_TestCases.TC004_Put_EmpRecord" time="0.002"/>
  <testcase name="checkStatusCode" classname="employeeApi_TestCases.TC004_Put_EmpRecord" time="0.001"/>
  <testcase name="checkserverType" classname="employeeApi_TestCases.TC004_Put_EmpRecord" time="0.001"/>
  <testcase name="checkContentType" classname="employeeApi_TestCases.TC005_Delete__EmpRecord" time="0"/>
  <testcase name="checkResponseBody" classname="employeeApi_TestCases.TC005_Delete__EmpRecord" time="0.001"/>
  <testcase name="checkStatusCode" classname="employeeApi_TestCases.TC005_Delete__EmpRecord" time="0"/>
  <testcase name="checkserverType" classname="employeeApi_TestCases.TC005_Delete__EmpRecord" time="0"/>
</testsuite>