<?xml version="1.0" encoding="UTF-8"?>
<!-- Generated by org.testng.reporters.JUnitReportReporter -->
<testsuite skipped="0" hostname="Pongi-Dell" name="employeeApi_TestCases.TC003_Post_EmpRecord" tests="4" failures="0" timestamp="22 Jul 2019 09:49:10 GMT" time="0.002" errors="0">
  <testcase name="checkResponseBody" time="0.001" classname="employeeApi_TestCases.TC003_Post_EmpRecord"/>
  <testcase name="checkStatusCode" time="0.000" classname="employeeApi_TestCases.TC003_Post_EmpRecord"/>
  <testcase name="checkserverType" time="0.000" classname="employeeApi_TestCases.TC003_Post_EmpRecord"/>
  <testcase name="checkContentType" time="0.001" classname="employeeApi_TestCases.TC003_Post_EmpRecord"/>
</testsuite> <!-- employeeApi_TestCases.TC003_Post_EmpRecord -->
