<?xml version="1.0" encoding="UTF-8"?>
<!-- Generated by org.testng.reporters.JUnitReportReporter -->
<testsuite skipped="0" hostname="Pongi-Dell" name="employeeApi_TestCases.TC001_Get_All_Employee" tests="8" failures="0" timestamp="22 Jul 2019 09:49:10 GMT" time="0.036" errors="0">
  <testcase name="checkResponseBody" time="0.025" classname="employeeApi_TestCases.TC001_Get_All_Employee"/>
  <testcase name="checkserverType" time="0.001" classname="employeeApi_TestCases.TC001_Get_All_Employee"/>
  <testcase name="checkstatusLine" time="0.002" classname="employeeApi_TestCases.TC001_Get_All_Employee"/>
  <testcase name="checkResponseTime" time="0.002" classname="employeeApi_TestCases.TC001_Get_All_Employee"/>
  <testcase name="checkcontentencoding" time="0.001" classname="employeeApi_TestCases.TC001_Get_All_Employee"/>
  <testcase name="checkStatusCode" time="0.001" classname="employeeApi_TestCases.TC001_Get_All_Employee"/>
  <testcase name="checkContentType" time="0.003" classname="employeeApi_TestCases.TC001_Get_All_Employee"/>
  <testcase name="checkCookies" time="0.001" classname="employeeApi_TestCases.TC001_Get_All_Employee"/>
</testsuite> <!-- employeeApi_TestCases.TC001_Get_All_Employee -->
